[19:13:10] [Server thread/INFO]: Starting minecraft server version 1.11.2
[19:13:33] [Server thread/INFO]: Loading properties
[19:13:33] [Server thread/INFO]: Default game type: SURVIVAL
[19:13:33] [Server thread/INFO]: Generating keypair
[19:13:33] [Server thread/INFO]: Starting Minecraft server on *:25566
[19:13:33] [Server thread/INFO]: Using epoll channel type
[19:13:33] [Server thread/WARN]: **** SERVER IS RUNNING IN OFFLINE/INSECURE MODE!
[19:13:33] [Server thread/WARN]: The server will make no attempt to authenticate usernames. Beware.
[19:13:33] [Server thread/WARN]: While this makes the game possible to play without internet access, it also opens up the ability for hackers to connect with any username they choose.
[19:13:33] [Server thread/WARN]: To change this, set "online-mode" to "true" in the server.properties file.
[19:13:36] [Server thread/INFO]: Preparing level "hardcore"
[19:13:38] [Server thread/INFO]: [STDOUT]: settings for world: 
[19:13:38] [Server thread/INFO]: [STDOUT]: Setting up landmass VANILLA
[19:13:38] [Server thread/INFO]: [STDOUT]: ChunkProviderGenerateBOP json: 
[19:13:38] [Server thread/INFO]: [STDOUT]: ChunkProviderGenerateBOP settings: {"landScheme":"vanilla","tempScheme":"medium_zones","rainScheme":"medium_zones","biomeSize":"medium","amplitude":1.0,"generateBopOre":true,"generateBopSoils":true,"generateBopTrees":true,"generateBopGrasses":true,"generateBopFoliage":true,"generateBopFlowers":true,"generateBopPlants":true,"generateBopWaterPlants":true,"generateBopMushrooms":true,"generateRockFormations":true,"generatePoisonIvy":true,"generateFlax":true,"generateBerryBushes":true,"generateThorns":true,"generateQuicksand":true,"generateLiquidPoison":true,"generateHotSprings":true,"generateNetherHives":true,"generateNetherPlants":true,"generateEndFeatures":true,"mainNoiseScaleX":80.0,"mainNoiseScaleY":160.0,"mainNoiseScaleZ":80.0,"coordinateScale":684.412,"heightScale":684.412,"upperLimitScale":512.0,"lowerLimitScale":512.0}
[19:13:38] [Server thread/INFO]: [STDOUT]: settings for world: 
[19:13:38] [Server thread/INFO]: [STDOUT]: Setting up landmass VANILLA
[19:13:38] [Server thread/INFO]: [STDOUT]: settings for world: 
[19:13:38] [Server thread/INFO]: [STDOUT]: Setting up landmass VANILLA
[19:13:38] [Server thread/INFO]: [STDOUT]: settings for world: 
[19:13:38] [Server thread/INFO]: [STDOUT]: Setting up landmass VANILLA
[19:13:38] [Server thread/INFO]: [STDOUT]: settings for world: 
[19:13:38] [Server thread/INFO]: [STDOUT]: Setting up landmass VANILLA
[19:13:38] [Server thread/INFO]: [STDOUT]: settings for world: 
[19:13:38] [Server thread/INFO]: [STDOUT]: Setting up landmass VANILLA
[19:13:38] [Server thread/INFO]: [STDOUT]: settings for world: 
[19:13:38] [Server thread/INFO]: [STDOUT]: Setting up landmass VANILLA
[19:13:39] [Server thread/INFO]: Preparing start region for level 0
[19:13:41] [Server thread/INFO]: Preparing spawn area: 0%
[19:13:42] [Server thread/INFO]: Preparing spawn area: 4%
[19:13:43] [Server thread/INFO]: Preparing spawn area: 11%
[19:13:44] [Server thread/INFO]: Preparing spawn area: 34%
[19:13:45] [Server thread/INFO]: Preparing spawn area: 63%
[19:13:46] [Server thread/INFO]: Preparing spawn area: 95%
[19:13:46] [Server thread/INFO]: Done (10.640s)! For help, type "help" or "?"
[19:13:54] [Server thread/INFO]: kev-kun[/173.76.164.128:13597] logged in with entity id 226 at (205.5, 129.0, 241.5)
[19:13:55] [Server thread/INFO]: kev-kun joined the game
[19:13:59] [Server thread/WARN]: Can't keep up! Did the system time change, or is the server overloaded? Running 3994ms behind, skipping 79 tick(s)
[19:14:11] [Server thread/INFO]: fierceseraph lost connection: TextComponent{text='Mod rejections [FMLMod:bspkrscore{at_0.9}, FMLMod:treecapitator{at_0.9}]', siblings=[], style=Style{hasParent=false, color=null, bold=null, italic=null, underlined=null, obfuscated=null, clickEvent=null, hoverEvent=null, insertion=null}}
[19:14:11] [Server thread/INFO]: fierceseraph left the game
[19:14:15] [Server thread/WARN]: Can't keep up! Did the system time change, or is the server overloaded? Running 2656ms behind, skipping 53 tick(s)
[19:15:43] [Server thread/INFO]: fierceseraph lost connection: TextComponent{text='Mod rejections [FMLMod:bspkrscore{at_0.9}, FMLMod:treecapitator{at_0.9}]', siblings=[], style=Style{hasParent=false, color=null, bold=null, italic=null, underlined=null, obfuscated=null, clickEvent=null, hoverEvent=null, insertion=null}}
[19:15:43] [Server thread/INFO]: fierceseraph left the game
[19:16:19] [Server thread/INFO]: fierceseraph lost connection: TextComponent{text='Mod rejections [FMLMod:bspkrscore{at_0.9}, FMLMod:treecapitator{at_0.9}]', siblings=[], style=Style{hasParent=false, color=null, bold=null, italic=null, underlined=null, obfuscated=null, clickEvent=null, hoverEvent=null, insertion=null}}
[19:16:19] [Server thread/INFO]: fierceseraph left the game
[19:16:42] [Server thread/INFO]: kev-kun has just earned the achievement [Taking Inventory]
[19:17:06] [Server thread/WARN]: Can't keep up! Did the system time change, or is the server overloaded? Running 4097ms behind, skipping 81 tick(s)
[19:17:08] [Server thread/INFO]: kev-kun lost connection: TextComponent{text='Disconnected', siblings=[], style=Style{hasParent=false, color=null, bold=null, italic=null, underlined=null, obfuscated=null, clickEvent=null, hoverEvent=null, insertion=null}}
[19:17:08] [Server thread/INFO]: kev-kun left the game
[19:17:25] [Server thread/INFO]: fierceseraph[/173.59.8.177:62627] logged in with entity id 30673 at (205.5, 125.0, 232.5)
[19:17:25] [Server thread/INFO]: fierceseraph joined the game
[19:17:36] [Server thread/INFO]: fierceseraph has just earned the achievement [Taking Inventory]
[19:20:29] [Server thread/INFO]: kev-kun[/173.76.164.128:14013] logged in with entity id 68218 at (288.39694445010537, 125.0, 218.2587129051931)
[19:20:29] [Server thread/INFO]: kev-kun joined the game
[19:21:52] [Server thread/INFO]: kev-kun lost connection: TextComponent{text='Disconnected', siblings=[], style=Style{hasParent=false, color=null, bold=null, italic=null, underlined=null, obfuscated=null, clickEvent=null, hoverEvent=null, insertion=null}}
[19:21:52] [Server thread/INFO]: kev-kun left the game
[19:24:06] [Server thread/INFO]: kev-kun[/173.76.164.128:14228] logged in with entity id 85467 at (180.40629599282198, 121.0, 181.3349076797616)
[19:24:06] [Server thread/INFO]: kev-kun joined the game
[19:28:15] [Server thread/INFO]: wtfamidoing[/108.49.113.134:56378] logged in with entity id 96954 at (201.5, 131.0, 233.5)
[19:28:15] [Server thread/INFO]: wtfamidoing joined the game
[19:31:05] [Server thread/INFO]: kev-kun lost connection: TextComponent{text='Disconnected', siblings=[], style=Style{hasParent=false, color=null, bold=null, italic=null, underlined=null, obfuscated=null, clickEvent=null, hoverEvent=null, insertion=null}}
[19:31:05] [Server thread/INFO]: kev-kun left the game
[19:34:04] [Server thread/INFO]: fierceseraph has just earned the achievement [Getting Wood]
[19:34:44] [Server thread/INFO]: kev-kun[/173.76.164.128:14560] logged in with entity id 129836 at (201.28769567187047, 125.0, 176.62473486262746)
[19:34:44] [Server thread/INFO]: kev-kun joined the game
[19:34:50] [Server thread/WARN]: Can't keep up! Did the system time change, or is the server overloaded? Running 4589ms behind, skipping 91 tick(s)
[19:34:59] [Server thread/INFO]: wtfamidoing has just earned the achievement [Taking Inventory]
[19:35:52] [Server thread/WARN]: Can't keep up! Did the system time change, or is the server overloaded? Running 3783ms behind, skipping 75 tick(s)
[19:36:53] [Server thread/INFO]: kev-kun has just earned the achievement [Getting Wood]
[19:38:28] [Server thread/WARN]: fierceseraph moved wrongly!
[19:39:03] [Server thread/WARN]: Can't keep up! Did the system time change, or is the server overloaded? Running 2096ms behind, skipping 41 tick(s)
[19:43:06] [Server thread/INFO]: kev-kun has just earned the achievement [Benchmarking]
[19:43:34] [Server thread/INFO]: kev-kun has just earned the achievement [Time to Mine!]
[19:43:56] [Server thread/INFO]: kev-kun has just earned the achievement [Time to Strike!]
[19:44:24] [Server thread/INFO]: kev-kun has just earned the achievement [Time to Farm!]
[19:45:40] [Server thread/INFO]: kev-kun has just earned the achievement [Monster Hunter]
[19:49:22] [Server thread/INFO]: wtfamidoing lost connection: TextComponent{text='Disconnected', siblings=[], style=Style{hasParent=false, color=null, bold=null, italic=null, underlined=null, obfuscated=null, clickEvent=null, hoverEvent=null, insertion=null}}
[19:49:22] [Server thread/INFO]: wtfamidoing left the game
[19:55:58] [Server thread/INFO]: kyr1n[/108.49.113.134:58335] logged in with entity id 238794 at (204.5, 129.0, 241.5)
[19:55:58] [Server thread/INFO]: kyr1n joined the game
[19:58:36] [Server thread/INFO]: kev-kun hit the ground too hard
[20:01:37] [Server thread/INFO]: Usage: /gamemode <mode> [player]
[20:01:42] [Server thread/INFO]: Player '0' cannot be found
[20:01:47] [Server thread/INFO]: Unknown command. Try /help for a list of commands
[20:01:51] [Server thread/INFO]: Set kev-kun's game mode to Survival Mode
[20:01:56] [Server thread/WARN]: Can't keep up! Did the system time change, or is the server overloaded? Running 3174ms behind, skipping 63 tick(s)
[20:01:58] [Server thread/INFO]: kev-kun lost connection: TextComponent{text='Disconnected', siblings=[], style=Style{hasParent=false, color=null, bold=null, italic=null, underlined=null, obfuscated=null, clickEvent=null, hoverEvent=null, insertion=null}}
[20:01:58] [Server thread/INFO]: kev-kun left the game
[20:02:04] [Server thread/INFO]: kev-kun[/173.76.164.128:15312] logged in with entity id 272431 at (415.30000001192093, 32.0, 221.30000001192093)
[20:02:04] [Server thread/INFO]: kev-kun joined the game
[20:02:07] [Server thread/INFO]: fierceseraph has just earned the achievement [Benchmarking]
[20:02:16] [Server thread/INFO]: kev-kun suffocated in a wall
[20:02:36] [Server thread/INFO]: Unknown command. Try /help for a list of commands
[20:02:39] [Server thread/INFO]: Player '0' cannot be found
[20:02:42] [Server thread/INFO]: Unknown command. Try /help for a list of commands
[20:02:45] [Server thread/INFO]: Set kev-kun's game mode to Survival Mode
[20:03:30] [Server thread/INFO]: There is no such item with name minecraft:4153
[20:03:49] [Server thread/INFO]: Given [Brass Flakes] * 1 to kev-kun
[20:04:38] [Server thread/INFO]: fierceseraph has just earned the achievement [Time to Mine!]
[20:07:52] [Server thread/INFO]: Unknown command. Try /help for a list of commands
[20:07:54] [Server thread/INFO]: --- Showing help page 1 of 26 (/help <page>) ---
[20:07:54] [Server thread/INFO]: /.s [args...]
[20:07:54] [Server thread/INFO]: // [on|off]
[20:07:54] [Server thread/INFO]: //calc <expression>
[20:07:54] [Server thread/INFO]: //center <block>
[20:07:54] [Server thread/INFO]: //chunk [x,z coordinates]
[20:07:54] [Server thread/INFO]: //clearhistory 
[20:07:54] [Server thread/INFO]: //contract <amount> [reverse-amount] [direction]
[20:07:54] [Server thread/INFO]: Tip: Use the <tab> key while typing a command to auto-complete the command or its arguments
[20:09:54] [Server thread/INFO]: fierceseraph has just earned the achievement [Getting an Upgrade]
[20:13:51] [Server thread/INFO]: kyr1n has just earned the achievement [Taking Inventory]
[20:17:20] [Server thread/INFO]: fierceseraph has just earned the achievement [Hot Topic]
[20:19:14] [Server thread/INFO]: cookie lost connection: TextComponent{text='Mod rejections [FMLMod:psi{r1.1-47}, FMLMod:allomancy{2.7.0}, FMLMod:natura{1.11.2-4.2.0.33}, FMLMod:waystones{3.0.17}, FMLMod:mantle{1.11.2-1.2.0.26}, FMLMod:cavern{1.8.3}, FMLMod:xreliquary{1.11.2-1.3.4.678}, FMLMod:bspkrscore{at_0.9}, FMLMod:treecapitator{at_0.9}]', siblings=[], style=Style{hasParent=false, color=null, bold=null, italic=null, underlined=null, obfuscated=null, clickEvent=null, hoverEvent=null, insertion=null}}
[20:19:14] [Server thread/INFO]: cookie left the game
[20:19:23] [Server thread/INFO]: fierceseraph has just earned the achievement [Time to Farm!]
